2025-09-09 20:45:50,572 INFO o.h.validator.internal.util.Version [background-preinit] HV000001: Hibernate Validator 8.0.3.Final
2025-09-09 20:45:50,629 INFO c.o.l.OnlineLearningPlatformApplicationTests [main] Starting OnlineLearningPlatformApplicationTests using Java 24 with PID 20424 (started by nitin in C:\Users\nitin\OneDrive\Desktop\learningPlatform\learningPlatform)
2025-09-09 20:45:50,631 INFO c.o.l.OnlineLearningPlatformApplicationTests [main] No active profile set, falling back to 1 default profile: "default"
2025-09-09 20:45:52,764 INFO o.s.d.r.c.RepositoryConfigurationDelegate [main] Bootstrapping Spring Data JPA repositories in DEFAULT mode.
2025-09-09 20:45:52,989 INFO o.s.d.r.c.RepositoryConfigurationDelegate [main] Finished Spring Data repository scanning in 189 ms. Found 8 JPA repository interfaces.
2025-09-09 20:45:54,118 INFO o.h.jpa.internal.util.LogHelper [main] HHH000204: Processing PersistenceUnitInfo [name: default]
2025-09-09 20:45:54,234 INFO org.hibernate.Version [main] HHH000412: Hibernate ORM core version 6.6.26.Final
2025-09-09 20:45:54,293 INFO o.h.c.i.RegionFactoryInitiator [main] HHH000026: Second-level cache disabled
2025-09-09 20:45:54,935 INFO o.s.o.j.p.SpringPersistenceUnitInfo [main] No LoadTimeWeaver setup: ignoring JPA class transformer
2025-09-09 20:45:54,976 INFO com.zaxxer.hikari.HikariDataSource [main] HikariPool-1 - Starting...
2025-09-09 20:45:55,599 INFO com.zaxxer.hikari.pool.HikariPool [main] HikariPool-1 - Added connection com.mysql.cj.jdbc.ConnectionImpl@74c04377
2025-09-09 20:45:55,601 INFO com.zaxxer.hikari.HikariDataSource [main] HikariPool-1 - Start completed.
2025-09-09 20:45:55,705 WARN org.hibernate.orm.deprecation [main] HHH90000025: MySQLDialect does not need to be specified explicitly using 'hibernate.dialect' (remove the property setting and it will be selected by default)
2025-09-09 20:45:55,750 INFO o.hibernate.orm.connections.pooling [main] HHH10001005: Database info:
	Database JDBC URL [Connecting through datasource 'HikariDataSource (HikariPool-1)']
	Database driver: undefined/unknown
	Database version: 8.0.34
	Autocommit mode: undefined/unknown
	Isolation level: undefined/unknown
	Minimum pool size: undefined/unknown
	Maximum pool size: undefined/unknown
2025-09-09 20:45:57,262 INFO o.h.e.t.j.p.i.JtaPlatformInitiator [main] HHH000489: No JTA platform available (set 'hibernate.transaction.jta.platform' to enable JTA platform integration)
2025-09-09 20:45:57,452 INFO o.s.o.j.LocalContainerEntityManagerFactoryBean [main] Initialized JPA EntityManagerFactory for persistence unit 'default'
2025-09-09 20:46:00,120 WARN o.s.b.a.s.s.UserDetailsServiceAutoConfiguration [main] 

Using generated security password: 977d01e6-2ad1-4c91-80ab-0ab834317300

This generated password is for development use only. Your security configuration must be updated before running your application in production.

2025-09-09 20:46:00,396 INFO o.s.b.a.e.web.EndpointLinksResolver [main] Exposing 13 endpoints beneath base path '/actuator'
2025-09-09 20:46:00,661 INFO c.o.l.OnlineLearningPlatformApplicationTests [main] Started OnlineLearningPlatformApplicationTests in 10.855 seconds (process running for 13.109)
2025-09-09 20:46:00,673 INFO o.s.o.j.LocalContainerEntityManagerFactoryBean [SpringApplicationShutdownHook] Closing JPA EntityManagerFactory for persistence unit 'default'
2025-09-09 20:46:00,677 INFO com.zaxxer.hikari.HikariDataSource [SpringApplicationShutdownHook] HikariPool-1 - Shutdown initiated...
2025-09-09 20:46:00,696 INFO com.zaxxer.hikari.HikariDataSource [SpringApplicationShutdownHook] HikariPool-1 - Shutdown completed.
2025-09-09 20:48:14,653 INFO o.h.validator.internal.util.Version [background-preinit] HV000001: Hibernate Validator 8.0.3.Final
2025-09-09 20:48:14,706 INFO c.o.l.OnlineLearningPlatformApplicationTests [main] Starting OnlineLearningPlatformApplicationTests using Java 24 with PID 7224 (started by nitin in C:\Users\nitin\OneDrive\Desktop\learningPlatform\learningPlatform)
2025-09-09 20:48:14,708 INFO c.o.l.OnlineLearningPlatformApplicationTests [main] No active profile set, falling back to 1 default profile: "default"
2025-09-09 20:48:16,198 INFO o.s.d.r.c.RepositoryConfigurationDelegate [main] Bootstrapping Spring Data JPA repositories in DEFAULT mode.
2025-09-09 20:48:16,304 INFO o.s.d.r.c.RepositoryConfigurationDelegate [main] Finished Spring Data repository scanning in 88 ms. Found 8 JPA repository interfaces.
2025-09-09 20:48:17,032 INFO o.h.jpa.internal.util.LogHelper [main] HHH000204: Processing PersistenceUnitInfo [name: default]
2025-09-09 20:48:17,144 INFO org.hibernate.Version [main] HHH000412: Hibernate ORM core version 6.6.26.Final
2025-09-09 20:48:17,196 INFO o.h.c.i.RegionFactoryInitiator [main] HHH000026: Second-level cache disabled
2025-09-09 20:48:17,653 INFO o.s.o.j.p.SpringPersistenceUnitInfo [main] No LoadTimeWeaver setup: ignoring JPA class transformer
2025-09-09 20:48:17,714 INFO com.zaxxer.hikari.HikariDataSource [main] HikariPool-1 - Starting...
2025-09-09 20:48:18,118 INFO com.zaxxer.hikari.pool.HikariPool [main] HikariPool-1 - Added connection com.mysql.cj.jdbc.ConnectionImpl@4d5ea776
2025-09-09 20:48:18,122 INFO com.zaxxer.hikari.HikariDataSource [main] HikariPool-1 - Start completed.
2025-09-09 20:48:18,188 WARN org.hibernate.orm.deprecation [main] HHH90000025: MySQLDialect does not need to be specified explicitly using 'hibernate.dialect' (remove the property setting and it will be selected by default)
2025-09-09 20:48:18,217 INFO o.hibernate.orm.connections.pooling [main] HHH10001005: Database info:
	Database JDBC URL [Connecting through datasource 'HikariDataSource (HikariPool-1)']
	Database driver: undefined/unknown
	Database version: 8.0.34
	Autocommit mode: undefined/unknown
	Isolation level: undefined/unknown
	Minimum pool size: undefined/unknown
	Maximum pool size: undefined/unknown
2025-09-09 20:48:19,596 INFO o.h.e.t.j.p.i.JtaPlatformInitiator [main] HHH000489: No JTA platform available (set 'hibernate.transaction.jta.platform' to enable JTA platform integration)
2025-09-09 20:48:19,748 INFO o.s.o.j.LocalContainerEntityManagerFactoryBean [main] Initialized JPA EntityManagerFactory for persistence unit 'default'
2025-09-09 20:48:22,119 WARN o.s.b.a.s.s.UserDetailsServiceAutoConfiguration [main] 

Using generated security password: be1c9c62-4301-4fd3-8d3f-6c848e0c0764

This generated password is for development use only. Your security configuration must be updated before running your application in production.

2025-09-09 20:48:22,368 INFO o.s.b.a.e.web.EndpointLinksResolver [main] Exposing 13 endpoints beneath base path '/actuator'
2025-09-09 20:48:22,636 INFO c.o.l.OnlineLearningPlatformApplicationTests [main] Started OnlineLearningPlatformApplicationTests in 8.634 seconds (process running for 10.964)
2025-09-09 20:48:23,560 INFO c.o.l.service.StudentService [main] Attempting to find student with ID: 1
2025-09-09 20:48:23,562 ERROR c.o.l.service.StudentService [main] Student not found with ID: 1
2025-09-09 20:48:23,593 INFO c.o.l.service.StudentService [main] Attempting to find student with ID: 1
2025-09-09 20:48:23,594 ERROR c.o.l.service.StudentService [main] Student not found with ID: 1
2025-09-09 20:48:23,618 INFO o.s.o.j.LocalContainerEntityManagerFactoryBean [SpringApplicationShutdownHook] Closing JPA EntityManagerFactory for persistence unit 'default'
2025-09-09 20:48:23,624 INFO com.zaxxer.hikari.HikariDataSource [SpringApplicationShutdownHook] HikariPool-1 - Shutdown initiated...
2025-09-09 20:48:23,643 INFO com.zaxxer.hikari.HikariDataSource [SpringApplicationShutdownHook] HikariPool-1 - Shutdown completed.
2025-09-09 20:48:39,758 INFO o.h.validator.internal.util.Version [background-preinit] HV000001: Hibernate Validator 8.0.3.Final
2025-09-09 20:48:39,809 INFO c.o.l.OnlineLearningPlatformApplicationTests [main] Starting OnlineLearningPlatformApplicationTests using Java 24 with PID 13784 (started by nitin in C:\Users\nitin\OneDrive\Desktop\learningPlatform\learningPlatform)
2025-09-09 20:48:39,810 INFO c.o.l.OnlineLearningPlatformApplicationTests [main] No active profile set, falling back to 1 default profile: "default"
2025-09-09 20:48:41,466 INFO o.s.d.r.c.RepositoryConfigurationDelegate [main] Bootstrapping Spring Data JPA repositories in DEFAULT mode.
2025-09-09 20:48:41,580 INFO o.s.d.r.c.RepositoryConfigurationDelegate [main] Finished Spring Data repository scanning in 96 ms. Found 8 JPA repository interfaces.
2025-09-09 20:48:42,414 INFO o.h.jpa.internal.util.LogHelper [main] HHH000204: Processing PersistenceUnitInfo [name: default]
2025-09-09 20:48:42,525 INFO org.hibernate.Version [main] HHH000412: Hibernate ORM core version 6.6.26.Final
2025-09-09 20:48:42,618 INFO o.h.c.i.RegionFactoryInitiator [main] HHH000026: Second-level cache disabled
2025-09-09 20:48:43,135 INFO o.s.o.j.p.SpringPersistenceUnitInfo [main] No LoadTimeWeaver setup: ignoring JPA class transformer
2025-09-09 20:48:43,170 INFO com.zaxxer.hikari.HikariDataSource [main] HikariPool-1 - Starting...
2025-09-09 20:48:43,632 INFO com.zaxxer.hikari.pool.HikariPool [main] HikariPool-1 - Added connection com.mysql.cj.jdbc.ConnectionImpl@6b103db7
2025-09-09 20:48:43,638 INFO com.zaxxer.hikari.HikariDataSource [main] HikariPool-1 - Start completed.
2025-09-09 20:48:43,716 WARN org.hibernate.orm.deprecation [main] HHH90000025: MySQLDialect does not need to be specified explicitly using 'hibernate.dialect' (remove the property setting and it will be selected by default)
2025-09-09 20:48:43,738 INFO o.hibernate.orm.connections.pooling [main] HHH10001005: Database info:
	Database JDBC URL [Connecting through datasource 'HikariDataSource (HikariPool-1)']
	Database driver: undefined/unknown
	Database version: 8.0.34
	Autocommit mode: undefined/unknown
	Isolation level: undefined/unknown
	Minimum pool size: undefined/unknown
	Maximum pool size: undefined/unknown
2025-09-09 20:48:45,228 INFO o.h.e.t.j.p.i.JtaPlatformInitiator [main] HHH000489: No JTA platform available (set 'hibernate.transaction.jta.platform' to enable JTA platform integration)
2025-09-09 20:48:45,394 INFO o.s.o.j.LocalContainerEntityManagerFactoryBean [main] Initialized JPA EntityManagerFactory for persistence unit 'default'
2025-09-09 20:48:47,994 WARN o.s.b.a.s.s.UserDetailsServiceAutoConfiguration [main] 

Using generated security password: 140104b6-a0b9-48da-974a-5761042330bc

This generated password is for development use only. Your security configuration must be updated before running your application in production.

2025-09-09 20:48:48,271 INFO o.s.b.a.e.web.EndpointLinksResolver [main] Exposing 13 endpoints beneath base path '/actuator'
2025-09-09 20:48:48,489 INFO c.o.l.OnlineLearningPlatformApplicationTests [main] Started OnlineLearningPlatformApplicationTests in 9.475 seconds (process running for 11.716)
2025-09-09 20:48:49,235 INFO o.s.o.j.LocalContainerEntityManagerFactoryBean [SpringApplicationShutdownHook] Closing JPA EntityManagerFactory for persistence unit 'default'
2025-09-09 20:48:49,240 INFO com.zaxxer.hikari.HikariDataSource [SpringApplicationShutdownHook] HikariPool-1 - Shutdown initiated...
2025-09-09 20:48:49,265 INFO com.zaxxer.hikari.HikariDataSource [SpringApplicationShutdownHook] HikariPool-1 - Shutdown completed.
